<?xml version="1.0" encoding="UTF-8"?>
<!-- Generated by org.testng.reporters.JUnitReportReporter -->
<testsuite hostname="Sambit" failures="0" tests="4" name="com.tests.AdminClassTest" time="34.709" errors="0" timestamp="2024-12-29T13:20:27 IST" skipped="0">
  <testcase classname="com.tests.AdminClassTest" name="getLeftSidemenuOptions" time="6.868"/>
  <testcase classname="com.tests.AdminClassTest" name="searchByUsername" time="6.580"/>
  <testcase classname="com.tests.AdminClassTest" name="searchByRole" time="10.616"/>
  <testcase classname="com.tests.AdminClassTest" name="searchByUserStatus" time="10.645"/>
</testsuite> <!-- com.tests.AdminClassTest -->
