<?xml version="1.0" encoding="UTF-8"?>
<!-- Generated by org.testng.reporters.JUnitReportReporter -->
<testsuite hostname="Sambit" failures="0" tests="3" name="com.tests.LoginTestScenario2" time="3.451" errors="0" timestamp="2024-12-29T13:18:54 IST" skipped="0">
  <testcase classname="com.tests.LoginTestScenario2" name="loginTest" time="3.414"/>
  <testcase classname="com.tests.LoginTestScenario2" name="validateUrl" time="0.013"/>
  <testcase classname="com.tests.LoginTestScenario2" name="validateTitle" time="0.024"/>
</testsuite> <!-- com.tests.LoginTestScenario2 -->
