<?xml version="1.0" encoding="UTF-8"?>
<!-- Generated by org.testng.reporters.JUnitReportReporter -->
<testsuite hostname="Sambit" failures="0" tests="3" name="com.tests.LoginTest" time="6.370" errors="0" timestamp="2024-12-29T13:05:38 IST" skipped="0">
  <testcase classname="com.tests.LoginTest" name="loginTest" time="3.423"/>
  <testcase classname="com.tests.LoginTest" name="loginTest" time="1.648"/>
  <testcase classname="com.tests.LoginTest" name="loginTest" time="1.299"/>
</testsuite> <!-- com.tests.LoginTest -->
